<?xml version="1.0" encoding="UTF-8"?>
<!-- Generated by org.testng.reporters.JUnitXMLReporter -->
<testsuite hostname="DESKTOP-G5Q7OKL" ignored="0" name="Test" tests="1" failures="1" timestamp="25 Nov 2017 15:10:57 GMT" time="68.034" errors="0">
  <testcase name="validLoginLogout" time="58.695" classname="com.script.Facebook.LoginLogoutScript">
    <failure type="java.lang.AssertionError">
      <![CDATA[java.lang.AssertionError: 
	at com.script.Facebook.LoginLogoutScript.validLoginLogout(LoginLogoutScript.java:54)
... Removed 27 stack frames]]>
    </failure>
  </testcase> <!-- validLoginLogout -->
</testsuite> <!-- Test -->
